<?xml version="1.0" encoding="UTF-8"?>
<testsuites name="jest tests" tests="11" failures="0" time="8.021">
  <testsuite name="button" errors="0" failures="0" skipped="0" timestamp="2019-03-25T10:35:01" time="2.394" tests="1">
    <testcase classname="button 是个 div" name="button 是个 div" time="0.016">
    </testcase>
  </testsuite>
  <testsuite name="classes" errors="0" failures="0" skipped="0" timestamp="2019-03-25T10:35:01" time="2.677" tests="6">
    <testcase classname="classes 接受 0 个 className" name="classes 接受 0 个 className" time="0.005">
    </testcase>
    <testcase classname="classes 接受 1 个 className" name="classes 接受 1 个 className" time="0">
    </testcase>
    <testcase classname="classes 接受 2 个 className" name="classes 接受 2 个 className" time="0.001">
    </testcase>
    <testcase classname="classes 接受 undefined 结果不会出现 undefined" name="classes 接受 undefined 结果不会出现 undefined" time="0.001">
    </testcase>
    <testcase classname="classes 接受各种奇怪的值" name="classes 接受各种奇怪的值" time="0">
    </testcase>
    <testcase classname="classes 接受中文" name="classes 接受中文" time="0">
    </testcase>
  </testsuite>
  <testsuite name="icon" errors="0" failures="0" skipped="0" timestamp="2019-03-25T10:35:01" time="2.761" tests="3">
    <testcase classname="icon render alipay icon." name="icon render alipay icon." time="0.014">
    </testcase>
    <testcase classname="icon render wechat icon." name="icon render wechat icon." time="0.002">
    </testcase>
    <testcase classname="icon onClick" name="icon onClick" time="0.035">
    </testcase>
  </testsuite>
  <testsuite name="第一个测试用例" errors="0" failures="0" skipped="0" timestamp="2019-03-25T10:35:04" time="0.374" tests="1">
    <testcase classname="第一个测试用例 add(1,2)等于3" name="第一个测试用例 add(1,2)等于3" time="0.002">
    </testcase>
  </testsuite>
</testsuites>